<?xml version="1.0" encoding="UTF-8"?>
<!-- Generated by org.testng.reporters.JUnitReportReporter -->
<testsuite skipped="0" hostname="LAPTOP-FET714UI" name="OauthTest" tests="1" failures="0" timestamp="2025-03-05T15:16:19 IST" time="6.587" errors="0">
  <testcase name="OauthTest" time="6.587" classname="OauthTest"/>
  <system-out/>
</testsuite> <!-- OauthTest -->
