<?xml version="1.0" encoding="UTF-8"?>
<!-- Generated by org.testng.reporters.JUnitReportReporter -->
<testsuite skipped="0" hostname="LAPTOP-FET714UI" name="DynamicJson" tests="4" failures="0" timestamp="2025-03-02T22:24:52 IST" time="3.505" errors="0">
  <testcase name="addBook" time="0.245" classname="DynamicJson"/>
  <system-out/>
  <testcase name="addBook" time="0.251" classname="DynamicJson"/>
  <system-out/>
  <testcase name="addBook" time="0.245" classname="DynamicJson"/>
  <system-out/>
  <testcase name="addBook" time="2.764" classname="DynamicJson"/>
  <system-out/>
</testsuite> <!-- DynamicJson -->
