<?xml version="1.0" encoding="UTF-8"?>
<!-- Generated by org.testng.reporters.JUnitReportReporter -->
<testsuite skipped="0" hostname="LAPTOP-FET714UI" name="SpecBuilderTest" tests="1" failures="0" timestamp="2025-03-07T12:43:50 IST" time="5.709" errors="0">
  <testcase name="AddthePlace" time="5.709" classname="SpecBuilderTest"/>
  <system-out/>
</testsuite> <!-- SpecBuilderTest -->
