<?xml version="1.0" encoding="UTF-8"?>
<!-- Generated by org.testng.reporters.JUnitReportReporter -->
<testsuite skipped="0" hostname="LAPTOP-FET714UI" name="Practice" tests="1" failures="0" timestamp="2025-03-17T15:35:27 IST" time="10.529" errors="0">
  <testcase name="place" time="10.529" classname="Practice"/>
  <system-out/>
</testsuite> <!-- Practice -->
