<?xml version="1.0" encoding="UTF-8"?>
<!-- Generated by org.testng.reporters.JUnitReportReporter -->
<testsuite skipped="0" hostname="LAPTOP-FET714UI" name="Jira_BugTest" tests="1" failures="0" timestamp="2025-03-03T11:09:42 IST" time="7.222" errors="0">
  <testcase name="BugTest" time="7.222" classname="Jira_BugTest"/>
  <system-out/>
</testsuite> <!-- Jira_BugTest -->
